
  ____            _        _   ____  _           _
 |  _ \ ___   ___| | _____| |_|  _ \(_)___ _ __ | | __ _ _   _
 | |_) / _ \ / __| |/ / _ \ __| | | | / __| '_ \| |/ _` | | | |
 |  __/ (_) | (__|   <  __/ |_| |_| | \__ \ |_) | | (_| | |_| |
 |_|   \___/ \___|_|\_\___|\__|____/|_|___/ .__/|_|\__,_|\__, |
                                           |_|            |___/

[USB] Configuring adb reverse (tcp:7777, tcp:7778)...
  [ADB] Using: C:\Users\Felix\AppData\Local\Android\Sdk\platform-tools\adb.exe
  [ADB] devices:
List of devices attached
RR2MC00EJ0J	device

  [ADB] USB serial: RR2MC00EJ0J
  [ADB] C:\Users\Felix\AppData\Local\Android\Sdk\platform-tools\adb.exe -s RR2MC00EJ0J reverse --remove-all
  [ADB] reverse --remove-all: OK
  [ADB] C:\Users\Felix\AppData\Local\Android\Sdk\platform-tools\adb.exe -s RR2MC00EJ0J reverse tcp:7777 tcp:7777
  [ADB] reverse tcp:7777 tcp:7777: OK
  [ADB] C:\Users\Felix\AppData\Local\Android\Sdk\platform-tools\adb.exe -s RR2MC00EJ0J reverse tcp:7778 tcp:7778
  [ADB] reverse tcp:7778 tcp:7778: OK
[USB] adb reverse OK.
  [USB/video] Listening on TCP :7777 (adb reverse tcp:7777 tcp:7777)
  Waiting for Android connection on port 7777...

  [Discovery] Broadcasting POCKETDISPLAY_HOST on UDP :7779 (local IP: 192.168.1.2)
  [USB/video] accepted connection from 127.0.0.1  (client_sock_=INVALID)
  [USB/video] no HELLO received (TCP probe?) — discarded, streaming unaffected
  [SOCK] closing probe socket c=752 — reason: no HELLO (probe discard)
  [USB/video] accepted connection from 127.0.0.1  (client_sock_=INVALID)
  [USB/video] no HELLO received (TCP probe?) — discarded, streaming unaffected
  [SOCK] closing probe socket c=752 — reason: no HELLO (probe discard)
  [USB/video] accepted connection from 127.0.0.1  (client_sock_=INVALID)
  [USB/video] HELLO v1 received: Extended screen=2560x1600 — keeping socket open, waiting for ACK
  [USB/video] Android connected — mode=Extended  screen=2560x1600

[HELLO] USB from 127.0.0.1  mode=Extended  screen=2560x1600
[USB] VDD \\.\DISPLAY13 resolution change failed (err=-2)
      Monitor 1: \\.\DISPLAY1  1280x1024  [adapter:0 output:1]
      Monitor 2: \\.\DISPLAY2  1920x1080  [adapter:0 output:2]
      Monitor 3: \\.\DISPLAY10  1920x1080  (PRIMARY)  [adapter:0 output:0]
      Monitor 4: \\.\DISPLAY13  1366x768  [adapter:0 output:3]
      Capturing monitor 4: \\.\DISPLAY13  1366x768  [adapter:0 output:3]
  [HELLO] Initializing process-lifetime capture (adapter=0 output=3)...
  [ScreenCapture] DuplicateOutput OK (adapter=0 output=3)
  [HELLO] Process-lifetime capture ready (1366x768)
  [Session] Using EXTERNAL capture (adapter=0 output=3)...
  [Session] Capture ready: 1366x768  (extended)
      Hardware encoder: NVIDIA H.264 Encoder MFT
      MFT type: ASYNC (event-driven)
      CODECAPI_AVEncVideoForceKeyFrame enabled for first frame
      CODECAPI_AVEncMPVGOPSize set to 60
      Event thread started for ASYNC MFT
      Priming encoder to extract SPS/PPS at init...
[PIPE] EventLoop: METransformNeedInput #1
[Prime] Black frame submitted, pumping for SPS/PPS...
[PIPE] EventLoop: METransformHaveOutput #1
[PIPE] ProcessOutput #1 hr=0x0 (OK)
[HwEncoder] SPS/PPS found inline: 00 00 00 01 67 64 00 2a ac 2b 40 2b 03 0f 37 80 ... (size=37)
[PIPE] EventLoop: METransformNeedInput #2
