
  ____            _        _   ____  _           _
 |  _ \ ___   ___| | _____| |_|  _ \(_)___ _ __ | | __ _ _   _
 | |_) / _ \ / __| |/ / _ \ __| | | | / __| '_ \| |/ _` | | | |
 |  __/ (_) | (__|   <  __/ |_| |_| | \__ \ |_) | | (_| | |_| |
 |_|   \___/ \___|_|\_\___|\__|____/|_|___/ .__/|_|\__,_|\__, |
                                           |_|            |___/

[USB] Configuring adb reverse (tcp:7777, tcp:7778)...
  [ADB] Using: C:\Users\Felix\AppData\Local\Android\Sdk\platform-tools\adb.exe
  [ADB] devices:
List of devices attached
RR2MC00EJ0J	device

  [ADB] USB serial: RR2MC00EJ0J
  [ADB] C:\Users\Felix\AppData\Local\Android\Sdk\platform-tools\adb.exe -s RR2MC00EJ0J reverse --remove-all
  [ADB] reverse --remove-all: OK
  [ADB] C:\Users\Felix\AppData\Local\Android\Sdk\platform-tools\adb.exe -s RR2MC00EJ0J reverse tcp:7777 tcp:7777
  [ADB] reverse tcp:7777 tcp:7777: OK
  [ADB] C:\Users\Felix\AppData\Local\Android\Sdk\platform-tools\adb.exe -s RR2MC00EJ0J reverse tcp:7778 tcp:7778
  [ADB] reverse tcp:7778 tcp:7778: OK
[USB] adb reverse OK.
  [USB/video] Listening on TCP :7777 (adb reverse tcp:7777 tcp:7777)
  [Touch] Process-lifetime touch receiver bound on port 7778 (reused across all sessions).
  Waiting for Android connection on port 7777...

  [USB/video] accepted connection from 127.0.0.1  (client_sock_=INVALID)
  [USB/video] HELLO v1 received: Mirror screen=2560x1600 — keeping socket open, waiting for ACK
  [USB/video] Android connected — mode=Mirror  screen=2560x1600

[HELLO] USB from 127.0.0.1  mode=Mirror  screen=2560x1600
      Monitor 1: \\.\DISPLAY1  1280x1024  [adapter:0 output:1]
      Monitor 2: \\.\DISPLAY2  1920x1080  [adapter:0 output:2]
      Monitor 3: \\.\DISPLAY10  1920x1080  (PRIMARY)  [adapter:0 output:0]
      Monitor 4: \\.\DISPLAY13  1366x768  [adapter:0 output:3]
      Capturing monitor 3: \\.\DISPLAY10  1920x1080  [adapter:0 output:0]
  [HELLO] Initializing process-lifetime capture (adapter=0 output=0)...
  [ScreenCapture] DuplicateOutput OK (adapter=0 output=0)
  [HELLO] Process-lifetime capture ready (1920x1080)
  [Session] Using EXTERNAL capture (adapter=0 output=0)...
  [Session] Capture ready: 1920x1080
      Hardware encoder: NVIDIA H.264 Encoder MFT
      MFT type: ASYNC (event-driven)
      CODECAPI_AVEncVideoForceKeyFrame enabled for first frame
      CODECAPI_AVEncMPVGOPSize set to 60
      Event thread started for ASYNC MFT
      Priming encoder to extract SPS/PPS at init...
[PIPE] EventLoop: METransformNeedInput #1
[Prime] Black frame submitted, pumping for SPS/PPS...
[PIPE] EventLoop: METransformHaveOutput #1
[PIPE] ProcessOutput #1 hr=0x0 (OK)
[HwEncoder] SPS/PPS found inline: 00 00 00 01 67 64 00 2a ac 2b 40 3c 01 13 f2 e0 ... (size=37)
[PIPE] EventLoop: METransformNeedInput #2
[Prime] SUCCESS: SPS/PPS cached (37 bytes) after 1 pumps
      Encoder primed successfully, SPS/PPS available
  [Session] Media Foundation encoder ready.
  [Session] Session ID 1 starting (android_ready=false).
  [Session] Started: mode=Mirror  transport=USB/TCP
  [HELLO] Session started.
[touch/TCP] Android connected
  [Touch] Android connected on shared receiver (port 7778).
  [Session] ACK received for session 1 — android_ready false->true, streaming starts.
[PIPE] StreamLoop: android_ready=true for session 1, starting capture.
[PIPE] captured frame 1 (0x0)
[PIPE] captured frame 1 actual (1920x1080)
[PIPE] calling EncodeFrame 1
[PIPE] EncodeFrame call #1 pts=0
[PIPE] MakeNv12Sample: pts=0us (0 *100ns), duration=166666 *100ns, size=3110400 (expected 3110400)
[PIPE] ASYNC ProcessInput #1 hr=0x0
[PIPE] First keyframe: prepended SPS/PPS in-band (37 + original bytes)
[PIPE] EncodeFrame #1 output size=706 keyframe=YES
[HwEncoder] Config packet (SPS/PPS): 00 00 00 01 67 64 00 2a ac 2b 40 3c 01 13 f2 e0 ... (size=37)
[PIPE] EncodeFrame returned nal=706 keyframe=y
[PIPE] sent 706 bytes to socket (frame 1)
[PIPE] captured frame 2 (0x0)
[PIPE] captured frame 2 actual (1920x1080)
[PIPE] calling EncodeFrame 2
[PIPE] EncodeFrame call #2 pts=1
[PIPE] EventLoop: METransformHaveOutput #2
[PIPE] ProcessOutput #2 hr=0x0 (OK)
[PIPE] EventLoop: METransformNeedInput #3
[PIPE] MakeNv12Sample: pts=1us (10 *100ns), duration=166666 *100ns, size=3110400 (expected 3110400)
[PIPE] ASYNC ProcessInput #2 hr=0x0
[PIPE] EncodeFrame #2 output size=239644 keyframe=no
[PIPE] EncodeFrame returned nal=239644 keyframe=n
[PIPE] sent 239644 bytes to socket (frame 2)
[PIPE] EventLoop: METransformHaveOutput #3
[PIPE] ProcessOutput #3 hr=0x0 (OK)
[PIPE] EventLoop: METransformNeedInput #4
[PIPE] captured frame 3 (0x0)
[PIPE] captured frame 3 actual (1920x1080)
[PIPE] calling EncodeFrame 3
[PIPE] EncodeFrame call #3 pts=2
[PIPE] MakeNv12Sample: pts=2us (20 *100ns), duration=166666 *100ns, size=3110400 (expected 3110400)
[PIPE] ASYNC ProcessInput #3 hr=0x0
[PIPE] EncodeFrame #3 output size=1693 keyframe=no
[PIPE] EncodeFrame returned nal=1693 keyframe=n
[PIPE] sent 1693 bytes to socket (frame 3)
[PIPE] EventLoop: METransformHaveOutput #4
[PIPE] ProcessOutput #4 hr=0x0 (OK)
[PIPE] EventLoop: METransformNeedInput #5
[PIPE] captured frame 4 (0x0)
[PIPE] captured frame 4 actual (1920x1080)
[PIPE] calling EncodeFrame 4
[PIPE] EncodeFrame call #4 pts=3
[PIPE] MakeNv12Sample: pts=3us (30 *100ns), duration=166666 *100ns, size=3110400 (expected 3110400)
[PIPE] ASYNC ProcessInput #4 hr=0x0
[PIPE] EncodeFrame #4 output size=5183 keyframe=no
[PIPE] EncodeFrame returned nal=5183 keyframe=n
[PIPE] sent 5183 bytes to socket (frame 4)
[PIPE] EventLoop: METransformHaveOutput #5
[PIPE] ProcessOutput #5 hr=0x0 (OK)
[PIPE] captured frame 5 (0x0)
[PIPE] captured frame 5 actual (1920x1080)
[PIPE] calling EncodeFrame 5
[PIPE] EncodeFrame call #5 pts=4
[PIPE] MakeNv12Sample: pts=4us (40 *100ns), duration=166666 *100ns, size=3110400 (expected 3110400)
[PIPE] ASYNC ProcessInput #5 hr=0x0
[PIPE] EncodeFrame #5 output size=136431 keyframe=no
[PIPE] EncodeFrame returned nal=136431 keyframe=n
[PIPE] sent 136431 bytes to socket (frame 5)
[touch/TCP] Android disconnected
[PIPE] sent 159930 bytes to socket (frame 252)
  [Session] SendFrame failed — client disconnected.

  [Main] Session ended — waiting for reconnect...
  [USB/video] accepted connection from 127.0.0.1  (client_sock_=INVALID)
  [USB/video] no HELLO received (TCP probe?) — discarded, streaming unaffected
  [SOCK] closing probe socket c=2976 — reason: no HELLO (probe discard)
  [USB/video] accepted connection from 127.0.0.1  (client_sock_=INVALID)
  [USB/video] no HELLO received (TCP probe?) — discarded, streaming unaffected
  [SOCK] closing probe socket c=2952 — reason: no HELLO (probe discard)
  [USB/video] accepted connection from 127.0.0.1  (client_sock_=INVALID)
  [USB/video] HELLO v1 received: Mirror screen=2560x1600 — keeping socket open, waiting for ACK
  [USB/video] Android connected — mode=Mirror  screen=2560x1600

[HELLO] USB from 127.0.0.1  mode=Mirror  screen=2560x1600
      Monitor 1: \\.\DISPLAY1  1280x1024  [adapter:0 output:1]
      Monitor 2: \\.\DISPLAY2  1920x1080  [adapter:0 output:2]
      Monitor 3: \\.\DISPLAY10  1920x1080  (PRIMARY)  [adapter:0 output:0]
      Monitor 4: \\.\DISPLAY13  1366x768  [adapter:0 output:3]
      Capturing monitor 3: \\.\DISPLAY10  1920x1080  [adapter:0 output:0]
  [HELLO] Reusing existing process-lifetime capture (adapter=0 output=0)
  [Session] Using EXTERNAL capture (adapter=0 output=0)...
  [Session] Capture ready: 1920x1080
[touch/TCP] Android connected
  [Touch] Android connected on shared receiver (port 7778).
      Hardware encoder: NVIDIA H.264 Encoder MFT
      MFT type: ASYNC (event-driven)
      CODECAPI_AVEncVideoForceKeyFrame enabled for first frame
      CODECAPI_AVEncMPVGOPSize set to 60
      Event thread started for ASYNC MFT
      Priming encoder to extract SPS/PPS at init...
[PIPE] EventLoop: METransformNeedInput #1
[Prime] Black frame submitted, pumping for SPS/PPS...
[PIPE] EventLoop: METransformHaveOutput #1
[PIPE] ProcessOutput #1 hr=0x0 (OK)
[HwEncoder] SPS/PPS found inline: 00 00 00 01 67 64 00 2a ac 2b 40 3c 01 13 f2 e0 ... (size=37)
[PIPE] EventLoop: METransformNeedInput #2
[Prime] SPS/PPS found via EventLoop
[Prime] SUCCESS: SPS/PPS cached (37 bytes) after 1 pumps
      Encoder primed successfully, SPS/PPS available
  [Session] Media Foundation encoder ready.
  [Session] Session ID 2 starting (android_ready=false).
  [Session] Started: mode=Mirror  transport=USB/TCP
  [HELLO] Session started.
  [Session] ACK received for session 2 — android_ready false->true, streaming starts.
[PIPE] StreamLoop: android_ready=true for session 2, starting capture.
[PIPE] EncodeFrame call #1 pts=0
[PIPE] MakeNv12Sample: pts=0us (0 *100ns), duration=166666 *100ns, size=3110400 (expected 3110400)
[PIPE] ASYNC ProcessInput #1 hr=0x0
[PIPE] First keyframe: prepended SPS/PPS in-band (37 + original bytes)
[PIPE] EncodeFrame #1 output size=706 keyframe=YES
[PIPE] EventLoop: METransformHaveOutput #2
[PIPE] ProcessOutput #2 hr=0x0 (OK)
[PIPE] EventLoop: METransformNeedInput #3
[PIPE] EncodeFrame call #2 pts=1
[PIPE] MakeNv12Sample: pts=1us (10 *100ns), duration=166666 *100ns, size=3110400 (expected 3110400)
[PIPE] ASYNC ProcessInput #2 hr=0x0
[PIPE] EncodeFrame #2 output size=239842 keyframe=no
[PIPE] EventLoop: METransformHaveOutput #3
[PIPE] ProcessOutput #3 hr=0x0 (OK)
[PIPE] EventLoop: METransformNeedInput #4
[PIPE] EncodeFrame call #3 pts=2
[PIPE] MakeNv12Sample: pts=2us (20 *100ns), duration=166666 *100ns, size=3110400 (expected 3110400)
[PIPE] ASYNC ProcessInput #3 hr=0x0
[PIPE] EncodeFrame #3 output size=1785 keyframe=no
[PIPE] EventLoop: METransformHaveOutput #4
[PIPE] ProcessOutput #4 hr=0x0 (OK)
[PIPE] EventLoop: METransformNeedInput #5
[PIPE] EncodeFrame call #4 pts=3
[PIPE] MakeNv12Sample: pts=3us (30 *100ns), duration=166666 *100ns, size=3110400 (expected 3110400)
[PIPE] ASYNC ProcessInput #4 hr=0x0
[PIPE] EncodeFrame #4 output size=5324 keyframe=no
[PIPE] EventLoop: METransformHaveOutput #5
[PIPE] ProcessOutput #5 hr=0x0 (OK)
[PIPE] EncodeFrame call #5 pts=4
[PIPE] MakeNv12Sample: pts=4us (40 *100ns), duration=166666 *100ns, size=3110400 (expected 3110400)
[PIPE] ASYNC ProcessInput #5 hr=0x0
[PIPE] EncodeFrame #5 output size=136545 keyframe=no
[touch/TCP] Android disconnected
[PIPE] sent 2734 bytes to socket (frame 1217)
  [Session] SendFrame failed — client disconnected.
  [USB/video] accepted connection from 127.0.0.1  (client_sock_=INVALID)
  [USB/video] no HELLO received (TCP probe?) — discarded, streaming unaffected
  [SOCK] closing probe socket c=1240 — reason: no HELLO (probe discard)
  [USB/video] accepted connection from 127.0.0.1  (client_sock_=INVALID)
  [USB/video] no HELLO received (TCP probe?) — discarded, streaming unaffected
  [SOCK] closing probe socket c=1244 — reason: no HELLO (probe discard)
  [USB/video] accepted connection from 127.0.0.1  (client_sock_=INVALID)
  [USB/video] HELLO v1 received: Mirror screen=2560x1600 — keeping socket open, waiting for ACK
  [USB/video] Android connected — mode=Mirror  screen=2560x1600

[HELLO] USB from 127.0.0.1  mode=Mirror  screen=2560x1600
  [HELLO] Stopping previous session (use_count=1)...
[touch/TCP] Android connected
  [Touch] Android connected on shared receiver (port 7778).
[touch/TCP] Android disconnected
[touch/TCP] Android connected
  [Touch] Android connected on shared receiver (port 7778).
[touch/TCP] Android disconnected
[touch/TCP] Android connected
  [Touch] Android connected on shared receiver (port 7778).
[ADB] reverse --remove-all: cleared on shutdown
